Activating virtual environment: /gpfs/accounts/si670f25_class_root/si670f25_class/santoshd/Kaggle_2/venv
==========================================
JOB STARTUP INFORMATION
==========================================
Host:        gl1002.arc-ts.umich.edu
Date:        2025-11-17T03:16:35-05:00
SLURM_JOBID: 36119323
CUDA_HOME:   /sw/pkgs/arc/cuda/12.1.1
Working directory: /gpfs/accounts/si670f25_class_root/si670f25_class/santoshd/Kaggle_2
Python:      /gpfs/accounts/si670f25_class_root/si670f25_class/santoshd/Kaggle_2/venv/bin/python

=== GPU Information ===
Mon Nov 17 03:16:35 2025       
+-----------------------------------------------------------------------------------------+
| NVIDIA-SMI 570.124.06             Driver Version: 570.124.06     CUDA Version: 12.8     |
|-----------------------------------------+------------------------+----------------------+
| GPU  Name                 Persistence-M | Bus-Id          Disp.A | Volatile Uncorr. ECC |
| Fan  Temp   Perf          Pwr:Usage/Cap |           Memory-Usage | GPU-Util  Compute M. |
|                                         |                        |               MIG M. |
|=========================================+========================+======================|
|   0  Tesla V100-PCIE-16GB           On  |   00000000:D8:00.0 Off |                    0 |
| N/A   31C    P0             25W /  250W |       1MiB /  16384MiB |      0%   E. Process |
|                                         |                        |                  N/A |
+-----------------------------------------+------------------------+----------------------+
                                                                                         
+-----------------------------------------------------------------------------------------+
| Processes:                                                                              |
|  GPU   GI   CI              PID   Type   Process name                        GPU Memory |
|        ID   ID                                                               Usage      |
|=========================================================================================|
|  No running processes found                                                             |
+-----------------------------------------------------------------------------------------+
==========================================

=== Verifying environment ===
Verifying Python environment...
✓ Python environment verified
Downloading spaCy model (if needed, max 5 minutes)...
/var/spool/slurmd.spool/job36119323/slurm_script: line 139: 482869 Aborted                 timeout 300 python -m spacy download en_core_web_sm 2>&1
     482870 Done                    | head -20
⚠ spaCy model download failed or timed out (will skip NER features)
   This is not critical - NER features are optional
Installing Jupyter kernel: data-explore-36119323...
✓ Kernel installed successfully
Running pre-flight validation...
✓ Found data files in data/processed/ directory
✓ Notebook found: src/notebooks/data_exploration_organized.ipynb
✓ Models directory found (optional)
✅ Pre-flight validation passed!

Resource monitoring started (PID: 483195)
Monitor log: /gpfs/accounts/si670f25_class_root/si670f25_class/santoshd/Kaggle_2/logs/resource_monitor.log

=== Killing Previous Notebook Instances ===

Running papermill -> /gpfs/accounts/si670f25_class_root/si670f25_class/santoshd/Kaggle_2/runs/data_exploration_executed_20251117-031806.ipynb
slurmstepd: error: *** JOB 36119323 ON gl1002 CANCELLED AT 2025-11-17T11:16:59 DUE TO TIME LIMIT ***
