Activating virtual environment: /gpfs/accounts/si670f25_class_root/si670f25_class/santoshd/Kaggle_2/venv
==========================================
JOB STARTUP INFORMATION
==========================================
Host:        gl1001.arc-ts.umich.edu
Date:        2025-11-19T05:44:12-05:00
SLURM_JOBID: 36333388
Working directory: /gpfs/accounts/si670f25_class_root/si670f25_class/santoshd/Kaggle_2
Python:      /gpfs/accounts/si670f25_class_root/si670f25_class/santoshd/Kaggle_2/venv/bin/python
==========================================
Verifying Python environment...
✓ Basic packages available
✓ Python environment verified
Installing Jupyter kernel: model6-36333388...
Installed kernelspec model6-36333388 in /home/santoshd/.local/share/jupyter/kernels/model6-36333388
✓ Kernel installed successfully
Running pre-flight validation...
✓ Found model-ready files
✓ Notebook found: src/notebooks/model_lightgbm_all_features.ipynb
✅ Pre-flight validation passed!
=== Cleaning Previous Runs ===
✓ Cleanup completed
Running papermill -> /gpfs/accounts/si670f25_class_root/si670f25_class/santoshd/Kaggle_2/runs/model6_executed_20251119-054457.ipynb
Notebook: src/notebooks/model_lightgbm_all_features.ipynb
Kernel: model6-36333388
Input Notebook:  src/notebooks/model_lightgbm_all_features.ipynb
Output Notebook: /gpfs/accounts/si670f25_class_root/si670f25_class/santoshd/Kaggle_2/runs/model6_executed_20251119-054457.ipynb
Executing notebook with kernel: model6-36333388
Executing Cell 1---------------------------------------
Ending Cell 1------------------------------------------
Executing Cell 2---------------------------------------
Ending Cell 2------------------------------------------
Executing Cell 3---------------------------------------
Ending Cell 3------------------------------------------
Executing Cell 4---------------------------------------
Ending Cell 4------------------------------------------
Executing Cell 5---------------------------------------

================================================================================
MODEL_LIGHTGBM EXECUTION STARTED
Start Time: 2025-11-19 05:45:43
================================================================================


Using device: cuda

Ending Cell 5------------------------------------------
Executing Cell 6---------------------------------------
PROJECT_ROOT: /gpfs/accounts/si670f25_class_root/si670f25_class/santoshd/Kaggle_2
MODEL_READY_DIR: /gpfs/accounts/si670f25_class_root/si670f25_class/santoshd/Kaggle_2/data/model_ready

Ending Cell 6------------------------------------------
Executing Cell 7---------------------------------------
✅ Using sklearn IncrementalPCA (memory-efficient)

Ending Cell 7------------------------------------------
Executing Cell 8---------------------------------------
Ending Cell 8------------------------------------------
Executing Cell 9---------------------------------------
✅ Memory utilities imported from shared module
💾 Memory: 0.62 GB (RAM) | 0.00/0.00 GB (GPU used/reserved)

Ending Cell 9------------------------------------------
Executing Cell 10--------------------------------------
✅ Enhanced robustness utilities loaded
✅ Training robustness wrappers loaded

Ending Cell 10-----------------------------------------
Executing Cell 11--------------------------------------
Ending Cell 11-----------------------------------------
Executing Cell 12--------------------------------------

================================================================================
PHASE 1: Data Loading
================================================================================
Loading train from /gpfs/accounts/si670f25_class_root/si670f25_class/santoshd/Kaggle_2/data/model_ready/train_model_ready.parquet

Loading val from /gpfs/accounts/si670f25_class_root/si670f25_class/santoshd/Kaggle_2/data/model_ready/val_model_ready.parquet


📊 Data Summary:
  Regular features: 54
  Embedding sent_transformer_: 384 dims
  Embedding scibert_: 768 dims
  Embedding specter2_: 768 dims
  Train samples: 960000, Positive: 65808, Negative: 894192
  Val samples: 120000, Positive: 8075, Negative: 111925

⏱️  Data Loading Time: 65.34 seconds (1.09 minutes)

💾 Memory: 32.39 GB (RAM) | 0.00/0.00 GB (GPU used/reserved)

Ending Cell 12-----------------------------------------
Executing Cell 13--------------------------------------
Ending Cell 13-----------------------------------------
Executing Cell 14--------------------------------------
Ending Cell 14-----------------------------------------
Executing Cell 15--------------------------------------

================================================================================
PHASE 2: PCA Preprocessing
================================================================================

📊 Applying IncrementalPCA to embedding families...
  sent_transformer_: 384 dims → 32 components
  scibert_: 768 dims → 32 components
  specter2_: 768 dims → 32 components

  Fitting PCA on subset (288000/960000 samples) for sent_transformer_

  Fitting PCA on subset (288000/960000 samples) for scibert_

  Fitting PCA on subset (288000/960000 samples) for specter2_

✅ Checkpoint saved: /gpfs/accounts/si670f25_class_root/si670f25_class/santoshd/Kaggle_2/data/checkpoints/model_lightgbm_checkpoint_pca.pkl

✅ Checkpoint saved: /gpfs/accounts/si670f25_class_root/si670f25_class/santoshd/Kaggle_2/data/checkpoints/model_lightgbm_checkpoint_pca.pkl

📊 After IncrementalPCA:
  Train embeddings: (960000, 96)
  Val embeddings: (120000, 96)

  Combined train: (960000, 150)
  Combined val: (120000, 150)

⏱️  PCA Preprocessing Time: 299.67 seconds (4.99 minutes)
💾 Memory: 31.68 GB (RAM) | 0.00/0.00 GB (GPU used/reserved)

Ending Cell 15-----------------------------------------
Executing Cell 16--------------------------------------
Ending Cell 16-----------------------------------------
Executing Cell 17--------------------------------------

================================================================================
PHASE 3: SMOTETomek Resampling
================================================================================

📊 Checking class imbalance and applying SMOTETomek resampling...
  Before: 960000 samples, Positive: 65808, Negative: 894192
  Imbalance ratio: 13.59:1
  ⚠️ Large dataset detected (960,000 samples), using sampling_strategy=0.2 for memory efficiency
  Fitting SMOTETomek...

Removed /home/santoshd/.local/share/jupyter/kernels/model6-36333388
