Activating virtual environment: /gpfs/accounts/si670f25_class_root/si670f25_class/santoshd/Kaggle_2/venv
==========================================
JOB STARTUP INFORMATION
==========================================
Host:        gl1001.arc-ts.umich.edu
Date:        2025-11-19T09:43:37-05:00
SLURM_JOBID: 36334191
Working directory: /gpfs/accounts/si670f25_class_root/si670f25_class/santoshd/Kaggle_2
Python:      /gpfs/accounts/si670f25_class_root/si670f25_class/santoshd/Kaggle_2/venv/bin/python
==========================================
Verifying Python environment...
✓ Python environment verified
Installing Jupyter kernel: model_catboost-36334191...
✓ Kernel installed successfully
Running pre-flight validation...
✓ Found model-ready files
✓ Notebook found: src/notebooks/model_catboost_all_features.ipynb
✅ Pre-flight validation passed!
=== Cleaning Previous Runs ===
✓ Cleanup completed
Running papermill -> /gpfs/accounts/si670f25_class_root/si670f25_class/santoshd/Kaggle_2/runs/model_catboost_executed_20251119-094405.ipynb
Notebook: src/notebooks/model_catboost_all_features.ipynb
Kernel: model_catboost-36334191
✓ Notebook execution completed in 2238s
Checking for output files...
✓ Found submission file: submission_model_catboost.csv
✓ Found saved model: model_catboost_all_features_best.pkl
✓ Found execution log: model_catboost_all_features_run.log

============================================================
EXECUTION SUMMARY
============================================================
Notebook execution time: 2238s
============================================================
