Activating virtual environment: /gpfs/accounts/si670f25_class_root/si670f25_class/santoshd/Kaggle_2/venv
==========================================
JOB STARTUP INFORMATION
==========================================
Host:        gl1006.arc-ts.umich.edu
Date:        2025-11-19T20:24:03-05:00
SLURM_JOBID: 36380739
Working directory: /scratch/si670f25_class_root/si670f25_class/santoshd/Kaggle_2
Python:      /gpfs/accounts/si670f25_class_root/si670f25_class/santoshd/Kaggle_2/venv/bin/python
==========================================
Verifying Python environment...
✓ Python environment verified
Installing Jupyter kernel: model_xgboost-36380739...
✓ Kernel installed successfully
Running pre-flight validation...
✓ Found model-ready files
✓ Notebook found: src/notebooks/model_xgboost_all_features.ipynb
✅ Pre-flight validation passed!
=== Cleaning Previous Runs ===
✓ Cleanup completed
Running papermill -> /scratch/si670f25_class_root/si670f25_class/santoshd/Kaggle_2/runs/model_xgboost_executed_20251119-202436.ipynb
Notebook: src/notebooks/model_xgboost_all_features.ipynb
Kernel: model_xgboost-36380739
✗ ERROR: Papermill failed after 7357s!
Check log file: /scratch/si670f25_class_root/si670f25_class/santoshd/Kaggle_2/logs/model_xgboost_all_features_run.log
