Activating virtual environment: /gpfs/accounts/si670f25_class_root/si670f25_class/santoshd/Kaggle_2/venv
==========================================
JOB STARTUP INFORMATION
==========================================
Host:        gl1008.arc-ts.umich.edu
Date:        2025-11-19T01:16:09-05:00
SLURM_JOBID: 36305357
Working directory: /gpfs/accounts/si670f25_class_root/si670f25_class/santoshd/Kaggle_2
Python:      /gpfs/accounts/si670f25_class_root/si670f25_class/santoshd/Kaggle_2/venv/bin/python
==========================================
Verifying Python environment...
✓ Python environment verified
Installing Jupyter kernel: model6-36305357...
✓ Kernel installed successfully
Running pre-flight validation...
✓ Found model-ready files
✓ Notebook found: src/notebooks/model6_lightgbm_all_features.ipynb
✅ Pre-flight validation passed!
=== Cleaning Previous Runs ===
✓ Cleanup completed
Running papermill -> /gpfs/accounts/si670f25_class_root/si670f25_class/santoshd/Kaggle_2/runs/model6_executed_20251119-011645.ipynb
Notebook: src/notebooks/model6_lightgbm_all_features.ipynb
Kernel: model6-36305357
slurmstepd: error: *** JOB 36305357 ON gl1008 CANCELLED AT 2025-11-19T01:52:59 ***
/var/spool/slurmd.spool/job36305357/slurm_script: line 1: 3949393 Terminated              papermill "${NOTEBOOK_IN}" "${NOTEBOOK_OUT}" --kernel "${KNAME}" --log-output --execution-timeout 7200 2>&1
     3949394                       | tee "$LOG_FILE"
