Activating virtual environment: /gpfs/accounts/si670f25_class_root/si670f25_class/santoshd/Kaggle_2/venv
==========================================
JOB STARTUP INFORMATION
==========================================
Host:        gl1013.arc-ts.umich.edu
Date:        2025-11-18T19:01:50-05:00
SLURM_JOBID: 36275035
Working directory: /gpfs/accounts/si670f25_class_root/si670f25_class/santoshd/Kaggle_2
Python:      /gpfs/accounts/si670f25_class_root/si670f25_class/santoshd/Kaggle_2/venv/bin/python
==========================================
Verifying Python environment...
✓ Basic packages available
✓ Python environment verified
Installing Jupyter kernel: model5-36275035...
Installed kernelspec model5-36275035 in /home/santoshd/.local/share/jupyter/kernels/model5-36275035
✓ Kernel installed successfully
Running pre-flight validation...
✓ Found model-ready files
✓ Notebook found: src/notebooks/model5_xgboost_all_features.ipynb
✅ Pre-flight validation passed!
=== Killing Previous Notebook Instances ===
✓ Cleanup attempted
Running papermill -> /gpfs/accounts/si670f25_class_root/si670f25_class/santoshd/Kaggle_2/runs/model5_executed_20251118-190222.ipynb
Removed /home/santoshd/.local/share/jupyter/kernels/model5-36275035
