Activating virtual environment: /gpfs/accounts/si670f25_class_root/si670f25_class/santoshd/Kaggle_2/venv
==========================================
JOB STARTUP INFORMATION
==========================================
Host:        gl1008.arc-ts.umich.edu
Date:        2025-11-19T05:27:54-05:00
SLURM_JOBID: 36332688
Working directory: /gpfs/accounts/si670f25_class_root/si670f25_class/santoshd/Kaggle_2
Python:      /gpfs/accounts/si670f25_class_root/si670f25_class/santoshd/Kaggle_2/venv/bin/python
==========================================
Verifying Python environment...
✓ Python environment verified
Installing Jupyter kernel: model6-36332688...
✓ Kernel installed successfully
Running pre-flight validation...
✓ Found model-ready files
✓ Notebook found: src/notebooks/model_lightgbm_all_features.ipynb
✅ Pre-flight validation passed!
=== Cleaning Previous Runs ===
✓ Cleanup completed
Running papermill -> /gpfs/accounts/si670f25_class_root/si670f25_class/santoshd/Kaggle_2/runs/model6_executed_20251119-052820.ipynb
Notebook: src/notebooks/model_lightgbm_all_features.ipynb
Kernel: model6-36332688
✗ ERROR: Papermill failed after 440s!
Check log file: /gpfs/accounts/si670f25_class_root/si670f25_class/santoshd/Kaggle_2/logs/model6_lightgbm_all_features_run.log
