Activating virtual environment: /gpfs/accounts/si670f25_class_root/si670f25_class/santoshd/Kaggle_2/venv
==========================================
JOB STARTUP INFORMATION
==========================================
Host:        gl1013.arc-ts.umich.edu
Date:        2025-11-18T18:58:52-05:00
SLURM_JOBID: 36274857
Working directory: /gpfs/accounts/si670f25_class_root/si670f25_class/santoshd/Kaggle_2
Python:      /gpfs/accounts/si670f25_class_root/si670f25_class/santoshd/Kaggle_2/venv/bin/python
==========================================
Verifying Python environment...
✓ Basic packages available
✓ Python environment verified
Installing Jupyter kernel: model4-36274857...
Installed kernelspec model4-36274857 in /home/santoshd/.local/share/jupyter/kernels/model4-36274857
✓ Kernel installed successfully
Running pre-flight validation...
✓ Found model-ready files
✓ Notebook found: src/notebooks/model4_reg_plus_all_embeddings_pca_linear.ipynb
✅ Pre-flight validation passed!
=== Killing Previous Notebook Instances ===
✓ Cleanup attempted
Running papermill -> /gpfs/accounts/si670f25_class_root/si670f25_class/santoshd/Kaggle_2/runs/model4_executed_20251118-185910.ipynb
Input Notebook:  src/notebooks/model4_reg_plus_all_embeddings_pca_linear.ipynb
Output Notebook: /gpfs/accounts/si670f25_class_root/si670f25_class/santoshd/Kaggle_2/runs/model4_executed_20251118-185910.ipynb
Executing:   0%|          | 0/12 [00:00<?, ?cell/s]Executing notebook with kernel: model4-36274857
Executing:   8%|▊         | 1/12 [00:02<00:29,  2.68s/cell]Executing:  25%|██▌       | 3/12 [01:00<03:17, 21.93s/cell]Kernel died while waiting for execute reply.
Executing:  42%|████▏     | 5/12 [02:23<03:44, 32.02s/cell]Executing:  42%|████▏     | 5/12 [02:23<03:20, 28.68s/cell]
Traceback (most recent call last):
  File "/gpfs/accounts/si670f25_class_root/si670f25_class/santoshd/Kaggle_2/venv/lib/python3.11/site-packages/papermill/cli.py", line 235, in papermill
    execute_notebook(
  File "/gpfs/accounts/si670f25_class_root/si670f25_class/santoshd/Kaggle_2/venv/lib/python3.11/site-packages/papermill/execute.py", line 116, in execute_notebook
    nb = papermill_engines.execute_notebook_with_engine(
         ^^^^^^^^^^^^^^^^^^^^^^^^^^^^^^^^^^^^^^^^^^^^^^^
  File "/gpfs/accounts/si670f25_class_root/si670f25_class/santoshd/Kaggle_2/venv/lib/python3.11/site-packages/papermill/engines.py", line 48, in execute_notebook_with_engine
    return self.get_engine(engine_name).execute_notebook(nb, kernel_name, **kwargs)
           ^^^^^^^^^^^^^^^^^^^^^^^^^^^^^^^^^^^^^^^^^^^^^^^^^^^^^^^^^^^^^^^^^^^^^^^^
  File "/gpfs/accounts/si670f25_class_root/si670f25_class/santoshd/Kaggle_2/venv/lib/python3.11/site-packages/papermill/engines.py", line 370, in execute_notebook
    cls.execute_managed_notebook(nb_man, kernel_name, log_output=log_output, **kwargs)
  File "/gpfs/accounts/si670f25_class_root/si670f25_class/santoshd/Kaggle_2/venv/lib/python3.11/site-packages/papermill/engines.py", line 442, in execute_managed_notebook
    return PapermillNotebookClient(nb_man, **final_kwargs).execute()
           ^^^^^^^^^^^^^^^^^^^^^^^^^^^^^^^^^^^^^^^^^^^^^^^^^^^^^^^^^
  File "/gpfs/accounts/si670f25_class_root/si670f25_class/santoshd/Kaggle_2/venv/lib/python3.11/site-packages/papermill/clientwrap.py", line 45, in execute
    self.papermill_execute_cells()
  File "/gpfs/accounts/si670f25_class_root/si670f25_class/santoshd/Kaggle_2/venv/lib/python3.11/site-packages/papermill/clientwrap.py", line 72, in papermill_execute_cells
    self.execute_cell(cell, index)
  File "/gpfs/accounts/si670f25_class_root/si670f25_class/santoshd/Kaggle_2/venv/lib/python3.11/site-packages/jupyter_core/utils/__init__.py", line 165, in wrapped
    return loop.run_until_complete(inner)
           ^^^^^^^^^^^^^^^^^^^^^^^^^^^^^^
  File "/sw/pkgs/arc/python3.11-anaconda/2024.02-1/lib/python3.11/asyncio/base_events.py", line 653, in run_until_complete
    return future.result()
           ^^^^^^^^^^^^^^^
  File "/gpfs/accounts/si670f25_class_root/si670f25_class/santoshd/Kaggle_2/venv/lib/python3.11/site-packages/nbclient/client.py", line 1009, in async_execute_cell
    raise DeadKernelError("Kernel died") from None
nbclient.exceptions.DeadKernelError: Kernel died
✗ ERROR: Papermill failed after 149s!
Removed /home/santoshd/.local/share/jupyter/kernels/model4-36274857
