Activating virtual environment: /gpfs/accounts/si670f25_class_root/si670f25_class/santoshd/Kaggle_2/venv
==========================================
JOB STARTUP INFORMATION
==========================================
Host:        gl1008.arc-ts.umich.edu
Date:        2025-11-19T05:35:50-05:00
SLURM_JOBID: 36332689
Working directory: /gpfs/accounts/si670f25_class_root/si670f25_class/santoshd/Kaggle_2
Python:      /gpfs/accounts/si670f25_class_root/si670f25_class/santoshd/Kaggle_2/venv/bin/python
==========================================
Verifying Python environment...
✓ Python environment verified
Installing Jupyter kernel: model5-36332689...
✓ Kernel installed successfully
Running pre-flight validation...
✓ Found model-ready files
✓ Notebook found: src/notebooks/model_xgboost_all_features.ipynb
✅ Pre-flight validation passed!
=== Cleaning Previous Runs ===
✓ Cleanup completed
Running papermill -> /gpfs/accounts/si670f25_class_root/si670f25_class/santoshd/Kaggle_2/runs/model5_executed_20251119-053622.ipynb
Notebook: src/notebooks/model_xgboost_all_features.ipynb
Kernel: model5-36332689
✗ ERROR: Papermill failed after 4s!
Check log file: /gpfs/accounts/si670f25_class_root/si670f25_class/santoshd/Kaggle_2/logs/model5_xgboost_all_features_run.log
